Started GET "/" for 127.0.0.1 at 2022-04-24 14:56:49 +0500
  [1m[35m (2.0ms)[0m  [1m[34mSELECT sqlite_version(*)[0m
Processing by Rails::WelcomeController#index as HTML
  Rendering /Users/dev/.rvm/gems/ruby-3.0.3/gems/railties-6.1.5/lib/rails/templates/rails/welcome/index.html.erb
  Rendered /Users/dev/.rvm/gems/ruby-3.0.3/gems/railties-6.1.5/lib/rails/templates/rails/welcome/index.html.erb (Duration: 6.6ms | Allocations: 526)
Completed 200 OK in 21ms (Views: 12.2ms | ActiveRecord: 0.0ms | Allocations: 4427)


Started GET "/favicon.ico" for 127.0.0.1 at 2022-04-24 14:56:49 +0500
  
ActionController::RoutingError (No route matches [GET] "/favicon.ico"):
  
Started GET "/" for ::1 at 2022-04-25 14:39:33 +0500
  [1m[35m (1.6ms)[0m  [1m[34mSELECT sqlite_version(*)[0m
Processing by Rails::WelcomeController#index as HTML
  Rendering /Users/dev/.rvm/gems/ruby-3.0.3/gems/railties-6.1.5/lib/rails/templates/rails/welcome/index.html.erb
  Rendered /Users/dev/.rvm/gems/ruby-3.0.3/gems/railties-6.1.5/lib/rails/templates/rails/welcome/index.html.erb (Duration: 6.3ms | Allocations: 418)
Completed 200 OK in 13ms (Views: 9.1ms | ActiveRecord: 0.0ms | Allocations: 3270)


Started GET "/favicon.ico" for ::1 at 2022-04-25 14:39:34 +0500
  
ActionController::RoutingError (No route matches [GET] "/favicon.ico"):
  
Started POST "/hospital?name=%22h1%22" for ::1 at 2022-04-25 14:57:01 +0500
  [1m[35m (1.1ms)[0m  [1m[34mSELECT sqlite_version(*)[0m
  [1m[35m (1.0ms)[0m  [1m[35mCREATE TABLE "schema_migrations" ("version" varchar NOT NULL PRIMARY KEY)[0m
  [1m[35m (1.7ms)[0m  [1m[35mCREATE TABLE "ar_internal_metadata" ("key" varchar NOT NULL PRIMARY KEY, "value" varchar, "created_at" datetime(6) NOT NULL, "updated_at" datetime(6) NOT NULL)[0m
  [1m[35m (0.2ms)[0m  [1m[34mSELECT "schema_migrations"."version" FROM "schema_migrations" ORDER BY "schema_migrations"."version" ASC[0m
  
ActiveRecord::PendingMigrationError (

Migrations are pending. To resolve this issue, run:

        bin/rails db:migrate RAILS_ENV=development

You have 1 pending migration:

20220425094548_create_hospitals.rb


):
  
activerecord (6.1.5) lib/active_record/migration.rb:625:in `check_pending!'
activerecord (6.1.5) lib/active_record/migration.rb:590:in `block (2 levels) in call'
activesupport (6.1.5) lib/active_support/evented_file_update_checker.rb:59:in `execute'
activerecord (6.1.5) lib/active_record/migration.rb:595:in `block in call'
activerecord (6.1.5) lib/active_record/migration.rb:587:in `synchronize'
activerecord (6.1.5) lib/active_record/migration.rb:587:in `call'
actionpack (6.1.5) lib/action_dispatch/middleware/callbacks.rb:27:in `block in call'
activesupport (6.1.5) lib/active_support/callbacks.rb:98:in `run_callbacks'
actionpack (6.1.5) lib/action_dispatch/middleware/callbacks.rb:26:in `call'
actionpack (6.1.5) lib/action_dispatch/middleware/executor.rb:14:in `call'
actionpack (6.1.5) lib/action_dispatch/middleware/actionable_exceptions.rb:18:in `call'
actionpack (6.1.5) lib/action_dispatch/middleware/debug_exceptions.rb:29:in `call'
actionpack (6.1.5) lib/action_dispatch/middleware/show_exceptions.rb:33:in `call'
railties (6.1.5) lib/rails/rack/logger.rb:37:in `call_app'
railties (6.1.5) lib/rails/rack/logger.rb:26:in `block in call'
activesupport (6.1.5) lib/active_support/tagged_logging.rb:99:in `block in tagged'
activesupport (6.1.5) lib/active_support/tagged_logging.rb:37:in `tagged'
activesupport (6.1.5) lib/active_support/tagged_logging.rb:99:in `tagged'
railties (6.1.5) lib/rails/rack/logger.rb:26:in `call'
actionpack (6.1.5) lib/action_dispatch/middleware/remote_ip.rb:81:in `call'
actionpack (6.1.5) lib/action_dispatch/middleware/request_id.rb:26:in `call'
rack (2.2.3) lib/rack/runtime.rb:22:in `call'
activesupport (6.1.5) lib/active_support/cache/strategy/local_cache_middleware.rb:29:in `call'
actionpack (6.1.5) lib/action_dispatch/middleware/executor.rb:14:in `call'
actionpack (6.1.5) lib/action_dispatch/middleware/static.rb:24:in `call'
rack (2.2.3) lib/rack/sendfile.rb:110:in `call'
actionpack (6.1.5) lib/action_dispatch/middleware/host_authorization.rb:148:in `call'
railties (6.1.5) lib/rails/engine.rb:539:in `call'
puma (5.6.4) lib/puma/configuration.rb:252:in `call'
puma (5.6.4) lib/puma/request.rb:77:in `block in handle_request'
puma (5.6.4) lib/puma/thread_pool.rb:340:in `with_force_shutdown'
puma (5.6.4) lib/puma/request.rb:76:in `handle_request'
puma (5.6.4) lib/puma/server.rb:441:in `process_client'
puma (5.6.4) lib/puma/thread_pool.rb:147:in `block in spawn_thread'
  [1m[35m (0.6ms)[0m  [1m[34mSELECT sqlite_version(*)[0m
  [1m[35m (0.2ms)[0m  [1m[34mSELECT "schema_migrations"."version" FROM "schema_migrations" ORDER BY "schema_migrations"."version" ASC[0m
Migrating to CreateHospitals (20220425094548)
  [1m[36mTRANSACTION (0.1ms)[0m  [1m[36mbegin transaction[0m
  [1m[35m (0.6ms)[0m  [1m[35mCREATE TABLE "hospitals" ("id" integer PRIMARY KEY AUTOINCREMENT NOT NULL, "name" varchar, "created_at" datetime(6) NOT NULL, "updated_at" datetime(6) NOT NULL)[0m
  [1m[36mActiveRecord::SchemaMigration Create (0.2ms)[0m  [1m[32mINSERT INTO "schema_migrations" ("version") VALUES (?)[0m  [["version", "20220425094548"]]
  [1m[36mTRANSACTION (1.2ms)[0m  [1m[36mcommit transaction[0m
  [1m[36mActiveRecord::InternalMetadata Load (0.1ms)[0m  [1m[34mSELECT "ar_internal_metadata".* FROM "ar_internal_metadata" WHERE "ar_internal_metadata"."key" = ? LIMIT ?[0m  [["key", "environment"], ["LIMIT", 1]]
  [1m[36mTRANSACTION (0.0ms)[0m  [1m[36mbegin transaction[0m
  [1m[36mActiveRecord::InternalMetadata Create (0.4ms)[0m  [1m[32mINSERT INTO "ar_internal_metadata" ("key", "value", "created_at", "updated_at") VALUES (?, ?, ?, ?)[0m  [["key", "environment"], ["value", "development"], ["created_at", "2022-04-25 09:57:15.780100"], ["updated_at", "2022-04-25 09:57:15.780100"]]
  [1m[36mTRANSACTION (0.7ms)[0m  [1m[36mcommit transaction[0m
  [1m[35m (0.0ms)[0m  [1m[34mSELECT sqlite_version(*)[0m
  [1m[35m (0.1ms)[0m  [1m[34mSELECT "schema_migrations"."version" FROM "schema_migrations" ORDER BY "schema_migrations"."version" ASC[0m
Started POST "/hospital?name=%22h1%22" for ::1 at 2022-04-25 14:57:24 +0500
  [1m[35m (1.6ms)[0m  [1m[34mSELECT sqlite_version(*)[0m
  [1m[35m (0.1ms)[0m  [1m[34mSELECT "schema_migrations"."version" FROM "schema_migrations" ORDER BY "schema_migrations"."version" ASC[0m
  
ActionController::RoutingError (No route matches [POST] "/hospital"):
  
Started POST "/hospitals?name=%22h1%22" for ::1 at 2022-04-25 14:58:30 +0500
  [1m[35m (0.5ms)[0m  [1m[34mSELECT sqlite_version(*)[0m
  [1m[35m (0.2ms)[0m  [1m[34mSELECT "schema_migrations"."version" FROM "schema_migrations" ORDER BY "schema_migrations"."version" ASC[0m
Processing by HospitalsController#create as */*
  Parameters: {"name"=>"\"h1\""}
Completed 400 Bad Request in 10ms (ActiveRecord: 0.0ms | Allocations: 3686)


  
ActionController::ParameterMissing (param is missing or the value is empty: hospital
Did you mean?  controller
               action
               name):
  
app/controllers/hospitals_controller.rb:49:in `hospital_params'
app/controllers/hospitals_controller.rb:18:in `create'
Started POST "/hospitals" for ::1 at 2022-04-25 14:58:58 +0500
Processing by HospitalsController#create as */*
Completed 400 Bad Request in 1ms (ActiveRecord: 0.0ms | Allocations: 162)


  
ActionController::ParameterMissing (param is missing or the value is empty: hospital
Did you mean?  controller
               action):
  
app/controllers/hospitals_controller.rb:49:in `hospital_params'
app/controllers/hospitals_controller.rb:18:in `create'
Started POST "/hospitals" for ::1 at 2022-04-25 14:59:53 +0500
Processing by HospitalsController#create as */*
Completed 400 Bad Request in 0ms (ActiveRecord: 0.0ms | Allocations: 143)


  
ActionController::ParameterMissing (param is missing or the value is empty: hospital
Did you mean?  controller
               action):
  
app/controllers/hospitals_controller.rb:49:in `hospital_params'
app/controllers/hospitals_controller.rb:18:in `create'
Started POST "/hospitals" for ::1 at 2022-04-25 15:01:00 +0500
Processing by HospitalsController#create as */*
Completed 400 Bad Request in 1ms (ActiveRecord: 0.0ms | Allocations: 140)


  
ActionController::ParameterMissing (param is missing or the value is empty: hospital
Did you mean?  controller
               action):
  
app/controllers/hospitals_controller.rb:49:in `hospital_params'
app/controllers/hospitals_controller.rb:18:in `create'
Started POST "/hospitals" for ::1 at 2022-04-25 15:02:00 +0500
Processing by HospitalsController#create as */*
  Parameters: {"hospital"=>"{name = h1}"}
Completed 500 Internal Server Error in 2ms (ActiveRecord: 0.0ms | Allocations: 1309)


  
NoMethodError (undefined method `permit' for "{name = h1}":String):
  
app/controllers/hospitals_controller.rb:49:in `hospital_params'
app/controllers/hospitals_controller.rb:18:in `create'
Started POST "/hospitals" for ::1 at 2022-04-25 15:02:13 +0500
Processing by HospitalsController#create as */*
  Parameters: {"hospital"=>"name = h1"}
Completed 500 Internal Server Error in 2ms (ActiveRecord: 0.0ms | Allocations: 1220)


  
NoMethodError (undefined method `permit' for "name = h1":String):
  
app/controllers/hospitals_controller.rb:49:in `hospital_params'
app/controllers/hospitals_controller.rb:18:in `create'
Started POST "/hospitals" for ::1 at 2022-04-25 15:02:33 +0500
Processing by HospitalsController#create as */*
  Parameters: {"hospital"=>"{name = h1}"}
Completed 500 Internal Server Error in 2ms (ActiveRecord: 0.0ms | Allocations: 1226)


  
NoMethodError (undefined method `permit' for "{name = h1}":String):
  
app/controllers/hospitals_controller.rb:49:in `hospital_params'
app/controllers/hospitals_controller.rb:18:in `create'
Started POST "/hospitals" for ::1 at 2022-04-25 15:04:44 +0500
Processing by HospitalsController#create as */*
Completed 400 Bad Request in 0ms (Allocations: 144)


  
ActionController::ParameterMissing (param is missing or the value is empty: hospital
Did you mean?  controller
               action):
  
app/controllers/hospitals_controller.rb:49:in `hospital_params'
app/controllers/hospitals_controller.rb:18:in `create'
Started POST "/hospitals" for ::1 at 2022-04-25 15:04:49 +0500
Processing by HospitalsController#create as */*
Completed 400 Bad Request in 0ms (Allocations: 139)


  
ActionController::ParameterMissing (param is missing or the value is empty: hospital
Did you mean?  controller
               action):
  
app/controllers/hospitals_controller.rb:49:in `hospital_params'
app/controllers/hospitals_controller.rb:18:in `create'
Started POST "/hospitals" for ::1 at 2022-04-25 15:04:57 +0500
Processing by HospitalsController#create as */*
Completed 400 Bad Request in 1ms (Allocations: 139)


  
ActionController::ParameterMissing (param is missing or the value is empty: hospital
Did you mean?  controller
               action):
  
app/controllers/hospitals_controller.rb:49:in `hospital_params'
app/controllers/hospitals_controller.rb:18:in `create'
Started POST "/hospitals" for ::1 at 2022-04-25 15:05:01 +0500
Processing by HospitalsController#create as */*
Completed 400 Bad Request in 0ms (Allocations: 139)


  
ActionController::ParameterMissing (param is missing or the value is empty: hospital
Did you mean?  controller
               action):
  
app/controllers/hospitals_controller.rb:49:in `hospital_params'
app/controllers/hospitals_controller.rb:18:in `create'
Started POST "/hospitals" for ::1 at 2022-04-25 15:05:10 +0500
Processing by HospitalsController#create as */*
Completed 400 Bad Request in 0ms (Allocations: 139)


  
ActionController::ParameterMissing (param is missing or the value is empty: hospital
Did you mean?  controller
               action):
  
app/controllers/hospitals_controller.rb:49:in `hospital_params'
app/controllers/hospitals_controller.rb:18:in `create'
Started GET "/hospitals" for ::1 at 2022-04-25 15:05:33 +0500
Processing by HospitalsController#index as HTML
  [1m[35m (0.1ms)[0m  [1m[34mSELECT sqlite_version(*)[0m
  ↳ app/controllers/hospitals_controller.rb:8:in `index'
  [1m[36mHospital Load (0.5ms)[0m  [1m[34mSELECT "hospitals".* FROM "hospitals"[0m
  ↳ app/controllers/hospitals_controller.rb:8:in `index'
Completed 200 OK in 6ms (Views: 5.0ms | ActiveRecord: 0.9ms | Allocations: 1779)


Started POST "/hospitals" for ::1 at 2022-04-25 15:05:55 +0500
Processing by HospitalsController#create as */*
Completed 400 Bad Request in 0ms (ActiveRecord: 0.0ms | Allocations: 153)


  
ActionController::ParameterMissing (param is missing or the value is empty: hospital
Did you mean?  controller
               action):
  
app/controllers/hospitals_controller.rb:49:in `hospital_params'
app/controllers/hospitals_controller.rb:18:in `create'
Started GET "/hospitals" for ::1 at 2022-04-25 15:06:00 +0500
Processing by HospitalsController#index as */*
  [1m[36mHospital Load (0.2ms)[0m  [1m[34mSELECT "hospitals".* FROM "hospitals"[0m
  ↳ app/controllers/hospitals_controller.rb:8:in `index'
Completed 200 OK in 2ms (Views: 1.4ms | ActiveRecord: 0.2ms | Allocations: 691)


Started GET "/hospitals" for ::1 at 2022-04-25 15:08:21 +0500
  [1m[35m (0.6ms)[0m  [1m[34mSELECT sqlite_version(*)[0m
  [1m[35m (0.1ms)[0m  [1m[34mSELECT "schema_migrations"."version" FROM "schema_migrations" ORDER BY "schema_migrations"."version" ASC[0m
Processing by HospitalsController#index as */*
  [1m[36mHospital Load (0.3ms)[0m  [1m[34mSELECT "hospitals".* FROM "hospitals"[0m
  ↳ app/controllers/hospitals_controller.rb:8:in `index'
Completed 200 OK in 11ms (Views: 1.8ms | ActiveRecord: 0.3ms | Allocations: 3746)


Started GET "/hospitals" for ::1 at 2022-04-25 15:08:32 +0500
Processing by HospitalsController#index as */*
  [1m[36mHospital Load (0.2ms)[0m  [1m[34mSELECT "hospitals".* FROM "hospitals"[0m
  ↳ app/controllers/hospitals_controller.rb:8:in `index'
Completed 200 OK in 3ms (Views: 2.1ms | ActiveRecord: 0.2ms | Allocations: 713)


Started POST "/hospitals" for ::1 at 2022-04-25 15:08:43 +0500
Processing by HospitalsController#create as */*
Completed 400 Bad Request in 0ms (ActiveRecord: 0.0ms | Allocations: 213)


  
ActionController::ParameterMissing (param is missing or the value is empty: hospital
Did you mean?  controller
               action):
  
app/controllers/hospitals_controller.rb:49:in `hospital_params'
app/controllers/hospitals_controller.rb:18:in `create'
Started POST "/hospitals" for ::1 at 2022-04-25 15:11:06 +0500
Processing by HospitalsController#create as */*
Completed 400 Bad Request in 0ms (ActiveRecord: 0.0ms | Allocations: 143)


  
ActionController::ParameterMissing (param is missing or the value is empty: hospital
Did you mean?  controller
               action):
  
app/controllers/hospitals_controller.rb:49:in `hospital_params'
app/controllers/hospitals_controller.rb:18:in `create'
Started POST "/hospitals" for ::1 at 2022-04-25 15:11:53 +0500
Processing by HospitalsController#create as */*
Completed 400 Bad Request in 0ms (ActiveRecord: 0.0ms | Allocations: 140)


  
ActionController::ParameterMissing (param is missing or the value is empty: hospital
Did you mean?  controller
               action):
  
app/controllers/hospitals_controller.rb:49:in `hospital_params'
app/controllers/hospitals_controller.rb:18:in `create'
Started POST "/hospitals" for ::1 at 2022-04-25 15:12:14 +0500
Processing by HospitalsController#create as */*
Completed 400 Bad Request in 1ms (ActiveRecord: 0.0ms | Allocations: 140)


  
ActionController::ParameterMissing (param is missing or the value is empty: hospital
Did you mean?  controller
               action):
  
app/controllers/hospitals_controller.rb:49:in `hospital_params'
app/controllers/hospitals_controller.rb:18:in `create'
Started POST "/hospitals" for ::1 at 2022-04-25 15:22:59 +0500
Processing by HospitalsController#create as */*
Completed 400 Bad Request in 1ms (Allocations: 139)


  
ActionController::ParameterMissing (param is missing or the value is empty: hospital
Did you mean?  controller
               action):
  
app/controllers/hospitals_controller.rb:49:in `hospital_params'
app/controllers/hospitals_controller.rb:18:in `create'
Started POST "/hospitals" for ::1 at 2022-04-25 15:36:06 +0500
Processing by HospitalsController#create as */*
Completed 400 Bad Request in 0ms (Allocations: 139)


  
ActionController::ParameterMissing (param is missing or the value is empty: hospital
Did you mean?  controller
               action):
  
app/controllers/hospitals_controller.rb:49:in `hospital_params'
app/controllers/hospitals_controller.rb:18:in `create'
Started POST "/hospitals" for ::1 at 2022-04-25 15:36:15 +0500
Processing by HospitalsController#create as */*
Completed 400 Bad Request in 0ms (Allocations: 139)


  
ActionController::ParameterMissing (param is missing or the value is empty: hospital
Did you mean?  controller
               action):
  
app/controllers/hospitals_controller.rb:49:in `hospital_params'
app/controllers/hospitals_controller.rb:18:in `create'
Started POST "/hospitals" for ::1 at 2022-04-25 15:36:46 +0500
Processing by HospitalsController#create as */*
  Parameters: {"hospital"=>{"name"=>"H1"}}
  [1m[35m (0.1ms)[0m  [1m[34mSELECT sqlite_version(*)[0m
  ↳ app/controllers/hospitals_controller.rb:18:in `create'
  [1m[36mTRANSACTION (0.1ms)[0m  [1m[36mbegin transaction[0m
  ↳ app/controllers/hospitals_controller.rb:20:in `create'
  [1m[36mHospital Create (0.9ms)[0m  [1m[32mINSERT INTO "hospitals" ("name", "created_at", "updated_at") VALUES (?, ?, ?)[0m  [["name", "H1"], ["created_at", "2022-04-25 10:36:46.583021"], ["updated_at", "2022-04-25 10:36:46.583021"]]
  ↳ app/controllers/hospitals_controller.rb:20:in `create'
  [1m[36mTRANSACTION (0.6ms)[0m  [1m[36mcommit transaction[0m
  ↳ app/controllers/hospitals_controller.rb:20:in `create'
Completed 201 Created in 19ms (Views: 0.7ms | ActiveRecord: 2.8ms | Allocations: 6116)


Started GET "/hospitals" for ::1 at 2022-04-25 15:38:02 +0500
Processing by HospitalsController#index as */*
  [1m[36mHospital Load (0.2ms)[0m  [1m[34mSELECT "hospitals".* FROM "hospitals"[0m
  ↳ app/controllers/hospitals_controller.rb:8:in `index'
Completed 200 OK in 2ms (Views: 1.8ms | ActiveRecord: 0.2ms | Allocations: 835)


Started GET "/hospitals/1" for ::1 at 2022-04-25 17:55:20 +0500
Processing by HospitalsController#show as */*
  Parameters: {"id"=>"1"}
  [1m[35m (0.1ms)[0m  [1m[34mSELECT sqlite_version(*)[0m
  ↳ app/controllers/hospitals_controller.rb:44:in `set_hospital'
  [1m[36mHospital Load (0.3ms)[0m  [1m[34mSELECT "hospitals".* FROM "hospitals" WHERE "hospitals"."id" = ? LIMIT ?[0m  [["id", 1], ["LIMIT", 1]]
  ↳ app/controllers/hospitals_controller.rb:44:in `set_hospital'
Completed 200 OK in 12ms (Views: 0.3ms | ActiveRecord: 0.6ms | Allocations: 3008)


Started GET "/hospitals/2" for ::1 at 2022-04-25 17:55:23 +0500
Processing by HospitalsController#show as */*
  Parameters: {"id"=>"2"}
  [1m[36mHospital Load (0.1ms)[0m  [1m[34mSELECT "hospitals".* FROM "hospitals" WHERE "hospitals"."id" = ? LIMIT ?[0m  [["id", 2], ["LIMIT", 1]]
  ↳ app/controllers/hospitals_controller.rb:44:in `set_hospital'
Completed 404 Not Found in 1ms (ActiveRecord: 0.1ms | Allocations: 547)


  
ActiveRecord::RecordNotFound (Couldn't find Hospital with 'id'=2):
  
app/controllers/hospitals_controller.rb:44:in `set_hospital'
Started GET "/hospitals/1" for ::1 at 2022-04-25 17:55:34 +0500
Processing by HospitalsController#show as */*
  Parameters: {"id"=>"1"}
  [1m[36mHospital Load (0.1ms)[0m  [1m[34mSELECT "hospitals".* FROM "hospitals" WHERE "hospitals"."id" = ? LIMIT ?[0m  [["id", 1], ["LIMIT", 1]]
  ↳ app/controllers/hospitals_controller.rb:44:in `set_hospital'
Completed 200 OK in 2ms (Views: 0.5ms | ActiveRecord: 0.1ms | Allocations: 660)


Started POST "/hospitals/1" for ::1 at 2022-04-26 11:53:30 +0500
  
ActionController::RoutingError (No route matches [POST] "/hospitals/1"):
  
Started POST "/hospitals/1" for ::1 at 2022-04-26 11:53:53 +0500
  
ActionController::RoutingError (No route matches [POST] "/hospitals/1"):
  
Started PUT "/hospitals/1" for ::1 at 2022-04-26 11:53:59 +0500
Processing by HospitalsController#update as */*
  Parameters: {"hospital"=>{"name"=>"HH1"}, "id"=>"1"}
  [1m[35m (0.1ms)[0m  [1m[34mSELECT sqlite_version(*)[0m
  ↳ app/controllers/hospitals_controller.rb:44:in `set_hospital'
  [1m[36mHospital Load (0.3ms)[0m  [1m[34mSELECT "hospitals".* FROM "hospitals" WHERE "hospitals"."id" = ? LIMIT ?[0m  [["id", 1], ["LIMIT", 1]]
  ↳ app/controllers/hospitals_controller.rb:44:in `set_hospital'
  [1m[36mTRANSACTION (0.0ms)[0m  [1m[36mbegin transaction[0m
  ↳ app/controllers/hospitals_controller.rb:29:in `update'
  [1m[36mHospital Update (0.6ms)[0m  [1m[33mUPDATE "hospitals" SET "name" = ?, "updated_at" = ? WHERE "hospitals"."id" = ?[0m  [["name", "HH1"], ["updated_at", "2022-04-26 06:53:59.502216"], ["id", 1]]
  ↳ app/controllers/hospitals_controller.rb:29:in `update'
  [1m[36mTRANSACTION (0.7ms)[0m  [1m[36mcommit transaction[0m
  ↳ app/controllers/hospitals_controller.rb:29:in `update'
Completed 200 OK in 11ms (Views: 0.4ms | ActiveRecord: 2.1ms | Allocations: 3060)


Started PUT "/hospitals/1" for ::1 at 2022-04-26 11:54:09 +0500
Processing by HospitalsController#update as */*
  Parameters: {"hospital"=>{"name"=>"H1"}, "id"=>"1"}
  [1m[36mHospital Load (0.2ms)[0m  [1m[34mSELECT "hospitals".* FROM "hospitals" WHERE "hospitals"."id" = ? LIMIT ?[0m  [["id", 1], ["LIMIT", 1]]
  ↳ app/controllers/hospitals_controller.rb:44:in `set_hospital'
  [1m[36mTRANSACTION (0.1ms)[0m  [1m[36mbegin transaction[0m
  ↳ app/controllers/hospitals_controller.rb:29:in `update'
  [1m[36mHospital Update (0.4ms)[0m  [1m[33mUPDATE "hospitals" SET "name" = ?, "updated_at" = ? WHERE "hospitals"."id" = ?[0m  [["name", "H1"], ["updated_at", "2022-04-26 06:54:09.740988"], ["id", 1]]
  ↳ app/controllers/hospitals_controller.rb:29:in `update'
  [1m[36mTRANSACTION (2.2ms)[0m  [1m[36mcommit transaction[0m
  ↳ app/controllers/hospitals_controller.rb:29:in `update'
Completed 200 OK in 7ms (Views: 0.3ms | ActiveRecord: 2.7ms | Allocations: 2367)


Started POST "/hospitals" for ::1 at 2022-04-26 11:55:01 +0500
Processing by HospitalsController#create as */*
  Parameters: {"hospital"=>{"name"=>""}}
  [1m[36mTRANSACTION (0.1ms)[0m  [1m[36mbegin transaction[0m
  ↳ app/controllers/hospitals_controller.rb:20:in `create'
  [1m[36mHospital Create (2.3ms)[0m  [1m[32mINSERT INTO "hospitals" ("name", "created_at", "updated_at") VALUES (?, ?, ?)[0m  [["name", ""], ["created_at", "2022-04-26 06:55:01.713462"], ["updated_at", "2022-04-26 06:55:01.713462"]]
  ↳ app/controllers/hospitals_controller.rb:20:in `create'
  [1m[36mTRANSACTION (0.7ms)[0m  [1m[36mcommit transaction[0m
  ↳ app/controllers/hospitals_controller.rb:20:in `create'
Completed 201 Created in 8ms (Views: 0.5ms | ActiveRecord: 3.1ms | Allocations: 1948)


Started POST "/hospitals" for ::1 at 2022-04-26 12:05:51 +0500
  [1m[35m (0.9ms)[0m  [1m[34mSELECT sqlite_version(*)[0m
  [1m[35m (0.3ms)[0m  [1m[34mSELECT "schema_migrations"."version" FROM "schema_migrations" ORDER BY "schema_migrations"."version" ASC[0m
Processing by HospitalsController#create as */*
  Parameters: {"hospital"=>{"name"=>""}}
  [1m[36mTRANSACTION (0.1ms)[0m  [1m[36mbegin transaction[0m
  ↳ app/controllers/hospitals_controller.rb:20:in `create'
  [1m[36mHospital Exists? (0.8ms)[0m  [1m[34mSELECT 1 AS one FROM "hospitals" WHERE LOWER("hospitals"."name") = LOWER(?) LIMIT ?[0m  [["name", ""], ["LIMIT", 1]]
  ↳ app/controllers/hospitals_controller.rb:20:in `create'
  [1m[36mTRANSACTION (0.0ms)[0m  [1m[31mrollback transaction[0m
  ↳ app/controllers/hospitals_controller.rb:20:in `create'
Completed 422 Unprocessable Entity in 31ms (Views: 12.1ms | ActiveRecord: 1.8ms | Allocations: 12094)


Started PUT "/hospitals/2" for ::1 at 2022-04-26 12:06:08 +0500
Processing by HospitalsController#update as */*
  Parameters: {"hospital"=>{"name"=>"H2"}, "id"=>"2"}
  [1m[36mHospital Load (0.5ms)[0m  [1m[34mSELECT "hospitals".* FROM "hospitals" WHERE "hospitals"."id" = ? LIMIT ?[0m  [["id", 2], ["LIMIT", 1]]
  ↳ app/controllers/hospitals_controller.rb:44:in `set_hospital'
  [1m[36mTRANSACTION (0.1ms)[0m  [1m[36mbegin transaction[0m
  ↳ app/controllers/hospitals_controller.rb:29:in `update'
  [1m[36mHospital Exists? (0.2ms)[0m  [1m[34mSELECT 1 AS one FROM "hospitals" WHERE LOWER("hospitals"."name") = LOWER(?) AND "hospitals"."id" != ? LIMIT ?[0m  [["name", "H2"], ["id", 2], ["LIMIT", 1]]
  ↳ app/controllers/hospitals_controller.rb:29:in `update'
  [1m[36mHospital Update (0.4ms)[0m  [1m[33mUPDATE "hospitals" SET "name" = ?, "updated_at" = ? WHERE "hospitals"."id" = ?[0m  [["name", "H2"], ["updated_at", "2022-04-26 07:06:08.896852"], ["id", 2]]
  ↳ app/controllers/hospitals_controller.rb:29:in `update'
  [1m[36mTRANSACTION (2.1ms)[0m  [1m[36mcommit transaction[0m
  ↳ app/controllers/hospitals_controller.rb:29:in `update'
Completed 200 OK in 13ms (Views: 0.3ms | ActiveRecord: 3.2ms | Allocations: 4157)


Started POST "/hospitals" for ::1 at 2022-04-26 12:06:13 +0500
Processing by HospitalsController#create as */*
  Parameters: {"hospital"=>{"name"=>""}}
  [1m[36mTRANSACTION (0.1ms)[0m  [1m[36mbegin transaction[0m
  ↳ app/controllers/hospitals_controller.rb:20:in `create'
  [1m[36mHospital Exists? (0.2ms)[0m  [1m[34mSELECT 1 AS one FROM "hospitals" WHERE LOWER("hospitals"."name") = LOWER(?) LIMIT ?[0m  [["name", ""], ["LIMIT", 1]]
  ↳ app/controllers/hospitals_controller.rb:20:in `create'
  [1m[36mTRANSACTION (0.1ms)[0m  [1m[31mrollback transaction[0m
  ↳ app/controllers/hospitals_controller.rb:20:in `create'
Completed 422 Unprocessable Entity in 4ms (Views: 1.0ms | ActiveRecord: 0.3ms | Allocations: 2436)


Started POST "/hospitals" for ::1 at 2022-04-26 12:06:57 +0500
  [1m[35m (0.7ms)[0m  [1m[34mSELECT sqlite_version(*)[0m
  [1m[35m (0.1ms)[0m  [1m[34mSELECT "schema_migrations"."version" FROM "schema_migrations" ORDER BY "schema_migrations"."version" ASC[0m
Processing by HospitalsController#create as */*
  Parameters: {"hospital"=>{"name"=>""}}
  [1m[36mTRANSACTION (0.1ms)[0m  [1m[36mbegin transaction[0m
  ↳ app/controllers/hospitals_controller.rb:20:in `create'
  [1m[36mHospital Exists? (0.2ms)[0m  [1m[34mSELECT 1 AS one FROM "hospitals" WHERE LOWER("hospitals"."name") = LOWER(?) LIMIT ?[0m  [["name", ""], ["LIMIT", 1]]
  ↳ app/controllers/hospitals_controller.rb:20:in `create'
  [1m[36mTRANSACTION (0.1ms)[0m  [1m[31mrollback transaction[0m
  ↳ app/controllers/hospitals_controller.rb:20:in `create'
Completed 422 Unprocessable Entity in 20ms (Views: 2.9ms | ActiveRecord: 0.9ms | Allocations: 10885)


Started POST "/hospitals" for ::1 at 2022-04-26 12:07:04 +0500
Processing by HospitalsController#create as */*
  Parameters: {"hospital"=>{"name"=>"1"}}
  [1m[36mTRANSACTION (0.1ms)[0m  [1m[36mbegin transaction[0m
  ↳ app/controllers/hospitals_controller.rb:20:in `create'
  [1m[36mHospital Exists? (0.2ms)[0m  [1m[34mSELECT 1 AS one FROM "hospitals" WHERE LOWER("hospitals"."name") = LOWER(?) LIMIT ?[0m  [["name", "1"], ["LIMIT", 1]]
  ↳ app/controllers/hospitals_controller.rb:20:in `create'
  [1m[36mTRANSACTION (0.0ms)[0m  [1m[31mrollback transaction[0m
  ↳ app/controllers/hospitals_controller.rb:20:in `create'
Completed 422 Unprocessable Entity in 6ms (Views: 0.7ms | ActiveRecord: 0.4ms | Allocations: 2497)


Started POST "/hospitals" for ::1 at 2022-04-26 12:07:28 +0500
Processing by HospitalsController#create as */*
  Parameters: {"hospital"=>{"name"=>"1111212121212121212121212121212121212121212121212121212121212121212121212121212121212121212121212121212121212121212121212121212121212121212121212"}}
  [1m[36mTRANSACTION (0.1ms)[0m  [1m[36mbegin transaction[0m
  ↳ app/controllers/hospitals_controller.rb:20:in `create'
  [1m[36mHospital Exists? (0.2ms)[0m  [1m[34mSELECT 1 AS one FROM "hospitals" WHERE LOWER("hospitals"."name") = LOWER(?) LIMIT ?[0m  [["name", "1111212121212121212121212121212121212121212121212121212121212121212121212121212121212121212121212121212121212121212121212121212121212121212121212"], ["LIMIT", 1]]
  ↳ app/controllers/hospitals_controller.rb:20:in `create'
  [1m[36mTRANSACTION (0.1ms)[0m  [1m[31mrollback transaction[0m
  ↳ app/controllers/hospitals_controller.rb:20:in `create'
Completed 422 Unprocessable Entity in 6ms (Views: 1.5ms | ActiveRecord: 0.4ms | Allocations: 2494)


Started POST "/hospitals" for ::1 at 2022-04-26 12:07:39 +0500
Processing by HospitalsController#create as */*
  Parameters: {"hospital"=>{"name"=>""}}
  [1m[36mTRANSACTION (0.1ms)[0m  [1m[36mbegin transaction[0m
  ↳ app/controllers/hospitals_controller.rb:20:in `create'
  [1m[36mHospital Exists? (0.2ms)[0m  [1m[34mSELECT 1 AS one FROM "hospitals" WHERE LOWER("hospitals"."name") = LOWER(?) LIMIT ?[0m  [["name", ""], ["LIMIT", 1]]
  ↳ app/controllers/hospitals_controller.rb:20:in `create'
  [1m[36mTRANSACTION (0.0ms)[0m  [1m[31mrollback transaction[0m
  ↳ app/controllers/hospitals_controller.rb:20:in `create'
Completed 422 Unprocessable Entity in 4ms (Views: 1.0ms | ActiveRecord: 0.3ms | Allocations: 2727)


Started GET "/hospitals" for ::1 at 2022-04-26 12:07:47 +0500
Processing by HospitalsController#index as */*
  [1m[36mHospital Load (0.2ms)[0m  [1m[34mSELECT "hospitals".* FROM "hospitals"[0m
  ↳ app/controllers/hospitals_controller.rb:8:in `index'
Completed 200 OK in 4ms (Views: 3.4ms | ActiveRecord: 0.2ms | Allocations: 1242)


  [1m[35m (0.5ms)[0m  [1m[34mSELECT sqlite_version(*)[0m
  [1m[36mTRANSACTION (0.1ms)[0m  [1m[36mbegin transaction[0m
  [1m[36mHospital Exists? (0.3ms)[0m  [1m[34mSELECT 1 AS one FROM "hospitals" WHERE LOWER("hospitals"."name") = LOWER(?) LIMIT ?[0m  [["name", ""], ["LIMIT", 1]]
  [1m[36mTRANSACTION (0.1ms)[0m  [1m[31mrollback transaction[0m
  [1m[35m (0.9ms)[0m  [1m[34mSELECT sqlite_version(*)[0m
  [1m[35m (0.2ms)[0m  [1m[34mSELECT "schema_migrations"."version" FROM "schema_migrations" ORDER BY "schema_migrations"."version" ASC[0m
Migrating to CreateDoctors (20220427070520)
  [1m[36mTRANSACTION (0.1ms)[0m  [1m[36mbegin transaction[0m
  [1m[35m (0.7ms)[0m  [1m[35mCREATE TABLE "doctors" ("id" integer PRIMARY KEY AUTOINCREMENT NOT NULL, "hospital_id" integer NOT NULL, "name" varchar, "degree" varchar, "speciality" varchar, "experiance" bigint, "created_at" datetime(6) NOT NULL, "updated_at" datetime(6) NOT NULL, CONSTRAINT "fk_rails_5d3ea700f7"
FOREIGN KEY ("hospital_id")
  REFERENCES "hospitals" ("id")
)[0m
  [1m[35m (0.2ms)[0m  [1m[35mCREATE INDEX "index_doctors_on_hospital_id" ON "doctors" ("hospital_id")[0m
  [1m[36mActiveRecord::SchemaMigration Create (0.2ms)[0m  [1m[32mINSERT INTO "schema_migrations" ("version") VALUES (?)[0m  [["version", "20220427070520"]]
  [1m[36mTRANSACTION (1.1ms)[0m  [1m[36mcommit transaction[0m
  [1m[36mActiveRecord::InternalMetadata Load (0.2ms)[0m  [1m[34mSELECT "ar_internal_metadata".* FROM "ar_internal_metadata" WHERE "ar_internal_metadata"."key" = ? LIMIT ?[0m  [["key", "environment"], ["LIMIT", 1]]
  [1m[35m (0.1ms)[0m  [1m[34mSELECT sqlite_version(*)[0m
  [1m[35m (0.2ms)[0m  [1m[34mSELECT "schema_migrations"."version" FROM "schema_migrations" ORDER BY "schema_migrations"."version" ASC[0m
  [1m[35m (0.6ms)[0m  [1m[34mSELECT sqlite_version(*)[0m
  [1m[35m (0.1ms)[0m  [1m[34mSELECT "schema_migrations"."version" FROM "schema_migrations" ORDER BY "schema_migrations"."version" ASC[0m
  [1m[35m (0.1ms)[0m  [1m[34mSELECT "schema_migrations"."version" FROM "schema_migrations" ORDER BY "schema_migrations"."version" ASC[0m
  [1m[35m (0.1ms)[0m  [1m[34mSELECT "schema_migrations"."version" FROM "schema_migrations" ORDER BY "schema_migrations"."version" ASC[0m
  [1m[35m (0.1ms)[0m  [1m[34mSELECT "schema_migrations"."version" FROM "schema_migrations" ORDER BY "schema_migrations"."version" ASC[0m
Migrating to CreateDoctors (20220427070520)
  [1m[36mTRANSACTION (0.1ms)[0m  [1m[36mbegin transaction[0m
  [1m[35m (0.7ms)[0m  [1m[35mDROP TABLE "doctors"[0m
  [1m[36mActiveRecord::SchemaMigration Destroy (0.2ms)[0m  [1m[31mDELETE FROM "schema_migrations" WHERE "schema_migrations"."version" = ?[0m  [["version", "20220427070520"]]
  [1m[36mTRANSACTION (0.5ms)[0m  [1m[36mcommit transaction[0m
  [1m[35m (0.1ms)[0m  [1m[34mSELECT sqlite_version(*)[0m
  [1m[35m (0.1ms)[0m  [1m[34mSELECT "schema_migrations"."version" FROM "schema_migrations" ORDER BY "schema_migrations"."version" ASC[0m
  [1m[35m (0.7ms)[0m  [1m[34mSELECT sqlite_version(*)[0m
  [1m[35m (0.1ms)[0m  [1m[34mSELECT "schema_migrations"."version" FROM "schema_migrations" ORDER BY "schema_migrations"."version" ASC[0m
  [1m[35m (0.1ms)[0m  [1m[34mSELECT "schema_migrations"."version" FROM "schema_migrations" ORDER BY "schema_migrations"."version" ASC[0m
  [1m[35m (0.1ms)[0m  [1m[34mSELECT "schema_migrations"."version" FROM "schema_migrations" ORDER BY "schema_migrations"."version" ASC[0m
  [1m[35m (0.0ms)[0m  [1m[34mSELECT "schema_migrations"."version" FROM "schema_migrations" ORDER BY "schema_migrations"."version" ASC[0m
Migrating to CreateHospitals (20220425094548)
  [1m[36mTRANSACTION (0.1ms)[0m  [1m[36mbegin transaction[0m
  [1m[35m (0.6ms)[0m  [1m[35mDROP TABLE "hospitals"[0m
  [1m[36mActiveRecord::SchemaMigration Destroy (0.2ms)[0m  [1m[31mDELETE FROM "schema_migrations" WHERE "schema_migrations"."version" = ?[0m  [["version", "20220425094548"]]
  [1m[36mTRANSACTION (0.6ms)[0m  [1m[36mcommit transaction[0m
  [1m[35m (0.1ms)[0m  [1m[34mSELECT sqlite_version(*)[0m
  [1m[35m (0.1ms)[0m  [1m[34mSELECT "schema_migrations"."version" FROM "schema_migrations" ORDER BY "schema_migrations"."version" ASC[0m
  [1m[35m (0.5ms)[0m  [1m[34mSELECT sqlite_version(*)[0m
  [1m[35m (0.1ms)[0m  [1m[34mSELECT "schema_migrations"."version" FROM "schema_migrations" ORDER BY "schema_migrations"."version" ASC[0m
  [1m[35m (0.1ms)[0m  [1m[34mSELECT "schema_migrations"."version" FROM "schema_migrations" ORDER BY "schema_migrations"."version" ASC[0m
  [1m[35m (0.1ms)[0m  [1m[34mSELECT "schema_migrations"."version" FROM "schema_migrations" ORDER BY "schema_migrations"."version" ASC[0m
  [1m[35m (0.0ms)[0m  [1m[34mSELECT sqlite_version(*)[0m
  [1m[35m (0.1ms)[0m  [1m[34mSELECT "schema_migrations"."version" FROM "schema_migrations" ORDER BY "schema_migrations"."version" ASC[0m
  [1m[35m (0.5ms)[0m  [1m[34mSELECT sqlite_version(*)[0m
  [1m[35m (0.6ms)[0m  [1m[34mSELECT sqlite_version(*)[0m
  [1m[35m (0.2ms)[0m  [1m[34mSELECT "schema_migrations"."version" FROM "schema_migrations" ORDER BY "schema_migrations"."version" ASC[0m
Migrating to CreateHospitals (20220425094548)
  [1m[36mTRANSACTION (0.1ms)[0m  [1m[36mbegin transaction[0m
  [1m[35m (0.5ms)[0m  [1m[35mCREATE TABLE "hospitals" ("id" integer PRIMARY KEY AUTOINCREMENT NOT NULL, "name" varchar, "created_at" datetime(6) NOT NULL, "updated_at" datetime(6) NOT NULL)[0m
  [1m[36mActiveRecord::SchemaMigration Create (0.3ms)[0m  [1m[32mINSERT INTO "schema_migrations" ("version") VALUES (?)[0m  [["version", "20220425094548"]]
  [1m[36mTRANSACTION (2.7ms)[0m  [1m[36mcommit transaction[0m
Migrating to CreateDoctors (20220427071953)
  [1m[36mTRANSACTION (0.1ms)[0m  [1m[36mbegin transaction[0m
  [1m[35m (1.0ms)[0m  [1m[35mCREATE TABLE "doctors" ("id" integer PRIMARY KEY AUTOINCREMENT NOT NULL, "hospital_id" integer NOT NULL, "name" varchar, "degree" varchar, "speciality" varchar, "experiance" bigint, "created_at" datetime(6) NOT NULL, "updated_at" datetime(6) NOT NULL, CONSTRAINT "fk_rails_5d3ea700f7"
FOREIGN KEY ("hospital_id")
  REFERENCES "hospitals" ("id")
)[0m
  [1m[35m (0.3ms)[0m  [1m[35mCREATE INDEX "index_doctors_on_hospital_id" ON "doctors" ("hospital_id")[0m
  [1m[36mActiveRecord::SchemaMigration Create (0.4ms)[0m  [1m[32mINSERT INTO "schema_migrations" ("version") VALUES (?)[0m  [["version", "20220427071953"]]
  [1m[36mTRANSACTION (1.1ms)[0m  [1m[36mcommit transaction[0m
  [1m[36mActiveRecord::InternalMetadata Load (0.2ms)[0m  [1m[34mSELECT "ar_internal_metadata".* FROM "ar_internal_metadata" WHERE "ar_internal_metadata"."key" = ? LIMIT ?[0m  [["key", "environment"], ["LIMIT", 1]]
  [1m[35m (0.1ms)[0m  [1m[34mSELECT sqlite_version(*)[0m
  [1m[35m (0.1ms)[0m  [1m[34mSELECT "schema_migrations"."version" FROM "schema_migrations" ORDER BY "schema_migrations"."version" ASC[0m
  [1m[35m (0.5ms)[0m  [1m[34mSELECT sqlite_version(*)[0m
  [1m[36mTRANSACTION (0.1ms)[0m  [1m[36mbegin transaction[0m
  [1m[36mHospital Exists? (0.1ms)[0m  [1m[34mSELECT 1 AS one FROM "hospitals" WHERE LOWER("hospitals"."name") = LOWER(?) LIMIT ?[0m  [["name", "this is it "], ["LIMIT", 1]]
  [1m[36mHospital Create (0.5ms)[0m  [1m[32mINSERT INTO "hospitals" ("name", "created_at", "updated_at") VALUES (?, ?, ?)[0m  [["name", "this is it "], ["created_at", "2022-04-27 07:34:28.097406"], ["updated_at", "2022-04-27 07:34:28.097406"]]
  [1m[36mTRANSACTION (2.2ms)[0m  [1m[36mcommit transaction[0m
  [1m[35m (0.2ms)[0m  [1m[34mSELECT COUNT(*) FROM "doctors" WHERE "doctors"."hospital_id" = ?[0m  [["hospital_id", 1]]
  [1m[36mTRANSACTION (0.1ms)[0m  [1m[36mbegin transaction[0m
  [1m[36mDoctor Create (0.6ms)[0m  [1m[32mINSERT INTO "doctors" ("hospital_id", "created_at", "updated_at") VALUES (?, ?, ?)[0m  [["hospital_id", 1], ["created_at", "2022-04-27 07:35:36.894186"], ["updated_at", "2022-04-27 07:35:36.894186"]]
  [1m[36mTRANSACTION (3.1ms)[0m  [1m[36mcommit transaction[0m
Started GET "/hospitals" for ::1 at 2022-04-27 12:36:26 +0500
  [1m[35m (0.5ms)[0m  [1m[34mSELECT sqlite_version(*)[0m
  [1m[35m (0.1ms)[0m  [1m[34mSELECT "schema_migrations"."version" FROM "schema_migrations" ORDER BY "schema_migrations"."version" ASC[0m
Processing by HospitalsController#index as */*
  [1m[36mHospital Load (0.7ms)[0m  [1m[34mSELECT "hospitals".* FROM "hospitals"[0m
  ↳ app/controllers/hospitals_controller.rb:8:in `index'
Completed 200 OK in 18ms (Views: 5.8ms | ActiveRecord: 1.1ms | Allocations: 7680)


Started GET "/hospitals/1/doctors" for ::1 at 2022-04-27 12:36:37 +0500
Processing by DoctorsController#index as */*
  Parameters: {"hospital_id"=>"1"}
  [1m[35m (0.1ms)[0m  [1m[34mSELECT sqlite_version(*)[0m
  ↳ app/controllers/doctors_controller.rb:51:in `set_hospital'
Completed 404 Not Found in 387124ms (ActiveRecord: 0.7ms | Allocations: 84218)


  
ActiveRecord::RecordNotFound (Couldn't find Doctor without an ID):
  
app/controllers/doctors_controller.rb:51:in `set_hospital'
Started GET "/hospitals/1/doctors" for ::1 at 2022-04-27 12:43:10 +0500
Processing by DoctorsController#index as */*
  Parameters: {"hospital_id"=>"1"}
  [1m[35m (0.1ms)[0m  [1m[34mSELECT sqlite_version(*)[0m
  ↳ app/controllers/doctors_controller.rb:50:in `set_hospital'
  [1m[36mHospital Load (0.2ms)[0m  [1m[34mSELECT "hospitals".* FROM "hospitals" WHERE "hospitals"."id" = ? LIMIT ?[0m  [["id", 1], ["LIMIT", 1]]
  ↳ app/controllers/doctors_controller.rb:50:in `set_hospital'
  [1m[36mDoctor Load (0.1ms)[0m  [1m[34mSELECT "doctors".* FROM "doctors" WHERE "doctors"."hospital_id" = ?[0m  [["hospital_id", 1]]
  ↳ app/controllers/doctors_controller.rb:9:in `index'
Completed 200 OK in 24ms (Views: 9.7ms | ActiveRecord: 1.8ms | Allocations: 13664)


Started GET "/hospitals/1/doctors/1" for ::1 at 2022-04-27 12:44:27 +0500
Processing by DoctorsController#show as */*
  Parameters: {"hospital_id"=>"1", "id"=>"1"}
  [1m[36mHospital Load (0.1ms)[0m  [1m[34mSELECT "hospitals".* FROM "hospitals" WHERE "hospitals"."id" = ? LIMIT ?[0m  [["id", 1], ["LIMIT", 1]]
  ↳ app/controllers/doctors_controller.rb:50:in `set_hospital'
  [1m[36mDoctor Load (0.1ms)[0m  [1m[34mSELECT "doctors".* FROM "doctors" WHERE "doctors"."id" = ? LIMIT ?[0m  [["id", 1], ["LIMIT", 1]]
  ↳ app/controllers/doctors_controller.rb:45:in `set_doctor'
Completed 200 OK in 3ms (Views: 0.3ms | ActiveRecord: 0.2ms | Allocations: 1436)


Started POST "/hospitals/1/doctors/1" for ::1 at 2022-04-27 12:47:52 +0500
  
ActionController::RoutingError (No route matches [POST] "/hospitals/1/doctors/1"):
  
Started POST "/hospitals/1/doctors" for ::1 at 2022-04-27 12:48:02 +0500
Processing by DoctorsController#create as */*
  Parameters: {"doctor"=>{"name"=>"", "hospital_id"=>1, "degree"=>"MBBS", "speciality"=>"heart", "experiance"=>1}, "hospital_id"=>"1"}
  [1m[36mHospital Load (0.1ms)[0m  [1m[34mSELECT "hospitals".* FROM "hospitals" WHERE "hospitals"."id" = ? LIMIT ?[0m  [["id", 1], ["LIMIT", 1]]
  ↳ app/controllers/doctors_controller.rb:50:in `set_hospital'
  [1m[36mTRANSACTION (0.1ms)[0m  [1m[36mbegin transaction[0m
  ↳ app/controllers/doctors_controller.rb:21:in `create'
  [1m[36mHospital Load (0.1ms)[0m  [1m[34mSELECT "hospitals".* FROM "hospitals" WHERE "hospitals"."id" = ? LIMIT ?[0m  [["id", 1], ["LIMIT", 1]]
  ↳ app/controllers/doctors_controller.rb:21:in `create'
  [1m[36mDoctor Create (0.9ms)[0m  [1m[32mINSERT INTO "doctors" ("hospital_id", "name", "degree", "speciality", "experiance", "created_at", "updated_at") VALUES (?, ?, ?, ?, ?, ?, ?)[0m  [["hospital_id", 1], ["name", ""], ["degree", "MBBS"], ["speciality", "heart"], ["experiance", 1], ["created_at", "2022-04-27 07:48:02.603775"], ["updated_at", "2022-04-27 07:48:02.603775"]]
  ↳ app/controllers/doctors_controller.rb:21:in `create'
  [1m[36mTRANSACTION (2.3ms)[0m  [1m[36mcommit transaction[0m
  ↳ app/controllers/doctors_controller.rb:21:in `create'
Completed 500 Internal Server Error in 17ms (ActiveRecord: 3.5ms | Allocations: 5483)


  
NoMethodError (undefined method `doctor_url' for #<DoctorsController:0x00000000007b48>):
  
app/controllers/doctors_controller.rb:22:in `create'
Started POST "/hospitals/1/doctors" for ::1 at 2022-04-27 12:50:46 +0500
  [1m[35m (0.6ms)[0m  [1m[34mSELECT sqlite_version(*)[0m
  [1m[35m (0.2ms)[0m  [1m[34mSELECT "schema_migrations"."version" FROM "schema_migrations" ORDER BY "schema_migrations"."version" ASC[0m
Processing by DoctorsController#create as */*
  Parameters: {"doctor"=>{"name"=>"", "hospital_id"=>1, "degree"=>"MBBS", "speciality"=>"heart", "experiance"=>1}, "hospital_id"=>"1"}
  [1m[36mHospital Load (0.2ms)[0m  [1m[34mSELECT "hospitals".* FROM "hospitals" WHERE "hospitals"."id" = ? LIMIT ?[0m  [["id", 1], ["LIMIT", 1]]
  ↳ app/controllers/doctors_controller.rb:50:in `set_hospital'
Completed 500 Internal Server Error in 20ms (ActiveRecord: 0.7ms | Allocations: 10236)


  
NoMethodError (undefined method `doctor' for #<Hospital id: 1, name: "this is it ", created_at: "2022-04-27 07:34:28.097406000 +0000", updated_at: "2022-04-27 07:34:28.097406000 +0000">
Did you mean?  doctors
               doctors=):
  
app/controllers/doctors_controller.rb:19:in `create'
Started POST "/hospitals/1/doctors" for ::1 at 2022-04-27 12:51:04 +0500
Processing by DoctorsController#create as */*
  Parameters: {"doctor"=>{"name"=>"", "hospital_id"=>1, "degree"=>"MBBS", "speciality"=>"heart", "experiance"=>1}, "hospital_id"=>"1"}
  [1m[35m (0.1ms)[0m  [1m[34mSELECT sqlite_version(*)[0m
  ↳ app/controllers/doctors_controller.rb:50:in `set_hospital'
  [1m[36mHospital Load (0.1ms)[0m  [1m[34mSELECT "hospitals".* FROM "hospitals" WHERE "hospitals"."id" = ? LIMIT ?[0m  [["id", 1], ["LIMIT", 1]]
  ↳ app/controllers/doctors_controller.rb:50:in `set_hospital'
  [1m[36mTRANSACTION (0.1ms)[0m  [1m[36mbegin transaction[0m
  ↳ app/controllers/doctors_controller.rb:21:in `create'
  [1m[36mDoctor Create (0.4ms)[0m  [1m[32mINSERT INTO "doctors" ("hospital_id", "name", "degree", "speciality", "experiance", "created_at", "updated_at") VALUES (?, ?, ?, ?, ?, ?, ?)[0m  [["hospital_id", 1], ["name", ""], ["degree", "MBBS"], ["speciality", "heart"], ["experiance", 1], ["created_at", "2022-04-27 07:51:05.000224"], ["updated_at", "2022-04-27 07:51:05.000224"]]
  ↳ app/controllers/doctors_controller.rb:21:in `create'
  [1m[36mTRANSACTION (0.8ms)[0m  [1m[36mcommit transaction[0m
  ↳ app/controllers/doctors_controller.rb:21:in `create'
Completed 500 Internal Server Error in 33ms (ActiveRecord: 2.9ms | Allocations: 15104)


  
NoMethodError (undefined method `doctor_url' for #<DoctorsController:0x00000000007878>):
  
app/controllers/doctors_controller.rb:22:in `create'
Started POST "/hospitals/1/doctors" for ::1 at 2022-04-27 14:39:56 +0500
  [1m[35m (0.5ms)[0m  [1m[34mSELECT sqlite_version(*)[0m
  [1m[35m (0.1ms)[0m  [1m[34mSELECT "schema_migrations"."version" FROM "schema_migrations" ORDER BY "schema_migrations"."version" ASC[0m
Processing by DoctorsController#create as */*
  Parameters: {"doctor"=>{"name"=>"", "hospital_id"=>1, "degree"=>"MBBS", "speciality"=>"heart", "experiance"=>1}, "hospital_id"=>"1"}
  [1m[36mHospital Load (0.2ms)[0m  [1m[34mSELECT "hospitals".* FROM "hospitals" WHERE "hospitals"."id" = ? LIMIT ?[0m  [["id", 1], ["LIMIT", 1]]
  ↳ app/controllers/doctors_controller.rb:50:in `set_hospital'
  [1m[36mTRANSACTION (0.1ms)[0m  [1m[36mbegin transaction[0m
  ↳ app/controllers/doctors_controller.rb:21:in `create'
  [1m[36mDoctor Create (0.7ms)[0m  [1m[32mINSERT INTO "doctors" ("hospital_id", "name", "degree", "speciality", "experiance", "created_at", "updated_at") VALUES (?, ?, ?, ?, ?, ?, ?)[0m  [["hospital_id", 1], ["name", ""], ["degree", "MBBS"], ["speciality", "heart"], ["experiance", 1], ["created_at", "2022-04-27 09:39:56.776609"], ["updated_at", "2022-04-27 09:39:56.776609"]]
  ↳ app/controllers/doctors_controller.rb:21:in `create'
  [1m[36mTRANSACTION (2.3ms)[0m  [1m[36mcommit transaction[0m
  ↳ app/controllers/doctors_controller.rb:21:in `create'
Completed 201 Created in 41ms (Views: 0.7ms | ActiveRecord: 4.8ms | Allocations: 17543)


Started PUT "/hospitals/1/doctors/2" for ::1 at 2022-04-27 14:41:16 +0500
Processing by DoctorsController#update as */*
  Parameters: {"doctor"=>{"name"=>"1", "hospital_id"=>1, "degree"=>"MBBS", "speciality"=>"heart", "experiance"=>1}, "hospital_id"=>"1", "id"=>"2"}
  [1m[36mHospital Load (0.2ms)[0m  [1m[34mSELECT "hospitals".* FROM "hospitals" WHERE "hospitals"."id" = ? LIMIT ?[0m  [["id", 1], ["LIMIT", 1]]
  ↳ app/controllers/doctors_controller.rb:50:in `set_hospital'
  [1m[36mDoctor Load (0.2ms)[0m  [1m[34mSELECT "doctors".* FROM "doctors" WHERE "doctors"."id" = ? LIMIT ?[0m  [["id", 2], ["LIMIT", 1]]
  ↳ app/controllers/doctors_controller.rb:45:in `set_doctor'
  [1m[36mTRANSACTION (0.1ms)[0m  [1m[36mbegin transaction[0m
  ↳ app/controllers/doctors_controller.rb:30:in `update'
  [1m[36mHospital Load (0.1ms)[0m  [1m[34mSELECT "hospitals".* FROM "hospitals" WHERE "hospitals"."id" = ? LIMIT ?[0m  [["id", 1], ["LIMIT", 1]]
  ↳ app/controllers/doctors_controller.rb:30:in `update'
  [1m[36mDoctor Update (0.3ms)[0m  [1m[33mUPDATE "doctors" SET "name" = ?, "updated_at" = ? WHERE "doctors"."id" = ?[0m  [["name", "1"], ["updated_at", "2022-04-27 09:41:16.799515"], ["id", 2]]
  ↳ app/controllers/doctors_controller.rb:30:in `update'
  [1m[36mTRANSACTION (2.5ms)[0m  [1m[36mcommit transaction[0m
  ↳ app/controllers/doctors_controller.rb:30:in `update'
Completed 200 OK in 16ms (Views: 0.4ms | ActiveRecord: 3.5ms | Allocations: 4667)


Started PUT "/hospitals/1/doctors/2" for ::1 at 2022-04-27 14:41:23 +0500
Processing by DoctorsController#update as */*
  Parameters: {"doctor"=>{"name"=>"2", "hospital_id"=>1, "degree"=>"MBBS", "speciality"=>"heart", "experiance"=>1}, "hospital_id"=>"1", "id"=>"2"}
  [1m[36mHospital Load (0.2ms)[0m  [1m[34mSELECT "hospitals".* FROM "hospitals" WHERE "hospitals"."id" = ? LIMIT ?[0m  [["id", 1], ["LIMIT", 1]]
  ↳ app/controllers/doctors_controller.rb:50:in `set_hospital'
  [1m[36mDoctor Load (0.1ms)[0m  [1m[34mSELECT "doctors".* FROM "doctors" WHERE "doctors"."id" = ? LIMIT ?[0m  [["id", 2], ["LIMIT", 1]]
  ↳ app/controllers/doctors_controller.rb:45:in `set_doctor'
  [1m[36mTRANSACTION (0.1ms)[0m  [1m[36mbegin transaction[0m
  ↳ app/controllers/doctors_controller.rb:30:in `update'
  [1m[36mHospital Load (0.1ms)[0m  [1m[34mSELECT "hospitals".* FROM "hospitals" WHERE "hospitals"."id" = ? LIMIT ?[0m  [["id", 1], ["LIMIT", 1]]
  ↳ app/controllers/doctors_controller.rb:30:in `update'
  [1m[36mDoctor Update (0.5ms)[0m  [1m[33mUPDATE "doctors" SET "name" = ?, "updated_at" = ? WHERE "doctors"."id" = ?[0m  [["name", "2"], ["updated_at", "2022-04-27 09:41:23.175860"], ["id", 2]]
  ↳ app/controllers/doctors_controller.rb:30:in `update'
  [1m[36mTRANSACTION (0.9ms)[0m  [1m[36mcommit transaction[0m
  ↳ app/controllers/doctors_controller.rb:30:in `update'
Completed 200 OK in 13ms (Views: 0.4ms | ActiveRecord: 2.0ms | Allocations: 3909)


Started PUT "/hospitals/1/doctors/2" for ::1 at 2022-04-27 14:41:27 +0500
Processing by DoctorsController#update as */*
  Parameters: {"doctor"=>{"name"=>"2", "hospital_id"=>2, "degree"=>"MBBS", "speciality"=>"heart", "experiance"=>1}, "hospital_id"=>"1", "id"=>"2"}
  [1m[36mHospital Load (0.2ms)[0m  [1m[34mSELECT "hospitals".* FROM "hospitals" WHERE "hospitals"."id" = ? LIMIT ?[0m  [["id", 1], ["LIMIT", 1]]
  ↳ app/controllers/doctors_controller.rb:50:in `set_hospital'
  [1m[36mDoctor Load (0.2ms)[0m  [1m[34mSELECT "doctors".* FROM "doctors" WHERE "doctors"."id" = ? LIMIT ?[0m  [["id", 2], ["LIMIT", 1]]
  ↳ app/controllers/doctors_controller.rb:45:in `set_doctor'
  [1m[36mTRANSACTION (0.1ms)[0m  [1m[36mbegin transaction[0m
  ↳ app/controllers/doctors_controller.rb:30:in `update'
  [1m[36mHospital Load (0.1ms)[0m  [1m[34mSELECT "hospitals".* FROM "hospitals" WHERE "hospitals"."id" = ? LIMIT ?[0m  [["id", 2], ["LIMIT", 1]]
  ↳ app/controllers/doctors_controller.rb:30:in `update'
  [1m[36mTRANSACTION (0.1ms)[0m  [1m[31mrollback transaction[0m
  ↳ app/controllers/doctors_controller.rb:30:in `update'
Completed 422 Unprocessable Entity in 323ms (Views: 293.1ms | ActiveRecord: 0.6ms | Allocations: 276749)


Started PUT "/hospitals/1/doctors/2" for ::1 at 2022-04-27 14:41:35 +0500
Processing by DoctorsController#update as */*
  Parameters: {"doctor"=>{"name"=>"2", "hospital_id"=>1, "degree"=>"MBBS", "speciality"=>"heart", "experiance"=>1}, "hospital_id"=>"1", "id"=>"2"}
  [1m[36mHospital Load (0.1ms)[0m  [1m[34mSELECT "hospitals".* FROM "hospitals" WHERE "hospitals"."id" = ? LIMIT ?[0m  [["id", 1], ["LIMIT", 1]]
  ↳ app/controllers/doctors_controller.rb:50:in `set_hospital'
  [1m[36mDoctor Load (0.1ms)[0m  [1m[34mSELECT "doctors".* FROM "doctors" WHERE "doctors"."id" = ? LIMIT ?[0m  [["id", 2], ["LIMIT", 1]]
  ↳ app/controllers/doctors_controller.rb:45:in `set_doctor'
  [1m[36mTRANSACTION (0.1ms)[0m  [1m[36mbegin transaction[0m
  ↳ app/controllers/doctors_controller.rb:30:in `update'
  [1m[36mHospital Load (0.1ms)[0m  [1m[34mSELECT "hospitals".* FROM "hospitals" WHERE "hospitals"."id" = ? LIMIT ?[0m  [["id", 1], ["LIMIT", 1]]
  ↳ app/controllers/doctors_controller.rb:30:in `update'
  [1m[36mTRANSACTION (0.1ms)[0m  [1m[36mcommit transaction[0m
  ↳ app/controllers/doctors_controller.rb:30:in `update'
Completed 200 OK in 8ms (Views: 0.3ms | ActiveRecord: 0.5ms | Allocations: 3251)


[ActionDispatch::HostAuthorization::DefaultResponseApp] Blocked host: abdul-recurate.ap.ngrok.io
Started GET "/hospitals" for ::1 at 2022-04-28 13:58:39 +0500
Processing by HospitalsController#index as HTML
  [1m[35m (0.2ms)[0m  [1m[34mSELECT sqlite_version(*)[0m
  ↳ app/controllers/hospitals_controller.rb:8:in `index'
  [1m[36mHospital Load (0.3ms)[0m  [1m[34mSELECT "hospitals".* FROM "hospitals"[0m
  ↳ app/controllers/hospitals_controller.rb:8:in `index'
Completed 200 OK in 39ms (Views: 25.3ms | ActiveRecord: 3.1ms | Allocations: 4779)


Started GET "/hospitals" for ::1 at 2022-04-28 14:00:26 +0500
Processing by HospitalsController#index as HTML
  [1m[36mHospital Load (0.1ms)[0m  [1m[34mSELECT "hospitals".* FROM "hospitals"[0m
  ↳ app/controllers/hospitals_controller.rb:8:in `index'
Completed 200 OK in 3ms (Views: 2.7ms | ActiveRecord: 0.1ms | Allocations: 804)


Started GET "/hospitals/1/doctors" for ::1 at 2022-04-28 14:00:36 +0500
Processing by DoctorsController#index as HTML
  Parameters: {"hospital_id"=>"1"}
  [1m[36mHospital Load (0.2ms)[0m  [1m[34mSELECT "hospitals".* FROM "hospitals" WHERE "hospitals"."id" = ? LIMIT ?[0m  [["id", 1], ["LIMIT", 1]]
  ↳ app/controllers/doctors_controller.rb:50:in `set_hospital'
  [1m[36mDoctor Load (0.4ms)[0m  [1m[34mSELECT "doctors".* FROM "doctors" WHERE "doctors"."hospital_id" = ?[0m  [["hospital_id", 1]]
  ↳ app/controllers/doctors_controller.rb:9:in `index'
Completed 200 OK in 25ms (Views: 14.4ms | ActiveRecord: 0.6ms | Allocations: 6633)


